C:\USERS\CJY\DESKTOP\MERGE-MASTER\MERGE-MASTER\IOAF\DEBUG\EXREG.OBJ
C:\USERS\CJY\DESKTOP\MERGE-MASTER\MERGE-MASTER\IOAF\DEBUG\IEHIST.OBJ
C:\USERS\CJY\DESKTOP\MERGE-MASTER\MERGE-MASTER\IOAF\DEBUG\MATCH.OBJ
C:\USERS\CJY\DESKTOP\MERGE-MASTER\MERGE-MASTER\IOAF\DEBUG\MFT_LIVE.OBJ
C:\USERS\CJY\DESKTOP\MERGE-MASTER\MERGE-MASTER\IOAF\DEBUG\MODULE.OBJ
C:\USERS\CJY\DESKTOP\MERGE-MASTER\MERGE-MASTER\IOAF\DEBUG\MAIN.OBJ
C:\USERS\CJY\DESKTOP\MERGE-MASTER\MERGE-MASTER\IOAF\DEBUG\MFT_IMAGE.OBJ
C:\USERS\CJY\DESKTOP\MERGE-MASTER\MERGE-MASTER\IOAF\DEBUG\MFT_IMAGE2DB.OBJ
C:\USERS\CJY\DESKTOP\MERGE-MASTER\MERGE-MASTER\IOAF\DEBUG\PARSER.OBJ
C:\USERS\CJY\DESKTOP\MERGE-MASTER\MERGE-MASTER\IOAF\DEBUG\QUEUE.OBJ
C:\USERS\CJY\DESKTOP\MERGE-MASTER\MERGE-MASTER\IOAF\DEBUG\REGISTRY.OBJ
C:\USERS\CJY\DESKTOP\MERGE-MASTER\MERGE-MASTER\IOAF\DEBUG\SQL.OBJ
C:\USERS\CJY\DESKTOP\MERGE-MASTER\MERGE-MASTER\IOAF\DEBUG\UTC.OBJ
C:\USERS\CJY\DESKTOP\MERGE-MASTER\MERGE-MASTER\IOAF\DEBUG\VC110.PDB
C:\USERS\CJY\DESKTOP\MERGE-MASTER\MERGE-MASTER\DEBUG\IOAF.ILK
C:\USERS\CJY\DESKTOP\MERGE-MASTER\MERGE-MASTER\DEBUG\IOAF.EXE
C:\USERS\CJY\DESKTOP\MERGE-MASTER\MERGE-MASTER\DEBUG\IOAF.PDB
C:\Users\cjy\Desktop\merge-master\merge-master\IOAF\Debug\exreg.obj
C:\Users\cjy\Desktop\merge-master\merge-master\IOAF\Debug\iehist.obj
C:\Users\cjy\Desktop\merge-master\merge-master\IOAF\Debug\main.obj
C:\Users\cjy\Desktop\merge-master\merge-master\IOAF\Debug\match.obj
C:\Users\cjy\Desktop\merge-master\merge-master\IOAF\Debug\mft_image.obj
C:\Users\cjy\Desktop\merge-master\merge-master\IOAF\Debug\mft_image2db.obj
C:\Users\cjy\Desktop\merge-master\merge-master\IOAF\Debug\mft_live.obj
C:\Users\cjy\Desktop\merge-master\merge-master\IOAF\Debug\module.obj
C:\Users\cjy\Desktop\merge-master\merge-master\IOAF\Debug\parser.obj
C:\Users\cjy\Desktop\merge-master\merge-master\IOAF\Debug\queue.obj
C:\Users\cjy\Desktop\merge-master\merge-master\IOAF\Debug\registry.obj
C:\Users\cjy\Desktop\merge-master\merge-master\IOAF\Debug\sql.obj
C:\Users\cjy\Desktop\merge-master\merge-master\IOAF\Debug\utc.obj
C:\Users\cjy\Desktop\merge-master\merge-master\IOAF\Debug\cl.command.1.tlog
C:\Users\cjy\Desktop\merge-master\merge-master\IOAF\Debug\CL.read.1.tlog
C:\Users\cjy\Desktop\merge-master\merge-master\IOAF\Debug\CL.write.1.tlog
C:\Users\cjy\Desktop\merge-master\merge-master\IOAF\Debug\link-cvtres.read.1.tlog
C:\Users\cjy\Desktop\merge-master\merge-master\IOAF\Debug\link-cvtres.write.1.tlog
C:\Users\cjy\Desktop\merge-master\merge-master\IOAF\Debug\link-rc.read.1.tlog
C:\Users\cjy\Desktop\merge-master\merge-master\IOAF\Debug\link-rc.write.1.tlog
C:\Users\cjy\Desktop\merge-master\merge-master\IOAF\Debug\link.1120-cvtres.read.1.tlog
C:\Users\cjy\Desktop\merge-master\merge-master\IOAF\Debug\link.1120-cvtres.write.1.tlog
C:\Users\cjy\Desktop\merge-master\merge-master\IOAF\Debug\link.1120-rc.read.1.tlog
C:\Users\cjy\Desktop\merge-master\merge-master\IOAF\Debug\link.1120-rc.write.1.tlog
C:\Users\cjy\Desktop\merge-master\merge-master\IOAF\Debug\link.1120.read.1.tlog
C:\Users\cjy\Desktop\merge-master\merge-master\IOAF\Debug\link.1120.write.1.tlog
C:\Users\cjy\Desktop\merge-master\merge-master\IOAF\Debug\link.1136-cvtres.read.1.tlog
C:\Users\cjy\Desktop\merge-master\merge-master\IOAF\Debug\link.1136-cvtres.write.1.tlog
C:\Users\cjy\Desktop\merge-master\merge-master\IOAF\Debug\link.1136-rc.read.1.tlog
C:\Users\cjy\Desktop\merge-master\merge-master\IOAF\Debug\link.1136-rc.write.1.tlog
C:\Users\cjy\Desktop\merge-master\merge-master\IOAF\Debug\link.1136.read.1.tlog
C:\Users\cjy\Desktop\merge-master\merge-master\IOAF\Debug\link.1136.write.1.tlog
C:\Users\cjy\Desktop\merge-master\merge-master\IOAF\Debug\link.1144-cvtres.read.1.tlog
C:\Users\cjy\Desktop\merge-master\merge-master\IOAF\Debug\link.1144-cvtres.write.1.tlog
C:\Users\cjy\Desktop\merge-master\merge-master\IOAF\Debug\link.1144-rc.read.1.tlog
C:\Users\cjy\Desktop\merge-master\merge-master\IOAF\Debug\link.1144-rc.write.1.tlog
C:\Users\cjy\Desktop\merge-master\merge-master\IOAF\Debug\link.1144.read.1.tlog
C:\Users\cjy\Desktop\merge-master\merge-master\IOAF\Debug\link.1144.write.1.tlog
C:\Users\cjy\Desktop\merge-master\merge-master\IOAF\Debug\link.1236-cvtres.read.1.tlog
C:\Users\cjy\Desktop\merge-master\merge-master\IOAF\Debug\link.1236-cvtres.write.1.tlog
C:\Users\cjy\Desktop\merge-master\merge-master\IOAF\Debug\link.1236-rc.read.1.tlog
C:\Users\cjy\Desktop\merge-master\merge-master\IOAF\Debug\link.1236-rc.write.1.tlog
C:\Users\cjy\Desktop\merge-master\merge-master\IOAF\Debug\link.1236.read.1.tlog
C:\Users\cjy\Desktop\merge-master\merge-master\IOAF\Debug\link.1236.write.1.tlog
C:\Users\cjy\Desktop\merge-master\merge-master\IOAF\Debug\link.1240-cvtres.read.1.tlog
C:\Users\cjy\Desktop\merge-master\merge-master\IOAF\Debug\link.1240-cvtres.write.1.tlog
C:\Users\cjy\Desktop\merge-master\merge-master\IOAF\Debug\link.1240-rc.read.1.tlog
C:\Users\cjy\Desktop\merge-master\merge-master\IOAF\Debug\link.1240-rc.write.1.tlog
C:\Users\cjy\Desktop\merge-master\merge-master\IOAF\Debug\link.1240.read.1.tlog
C:\Users\cjy\Desktop\merge-master\merge-master\IOAF\Debug\link.1240.write.1.tlog
C:\Users\cjy\Desktop\merge-master\merge-master\IOAF\Debug\link.2028-cvtres.read.1.tlog
C:\Users\cjy\Desktop\merge-master\merge-master\IOAF\Debug\link.2028-cvtres.write.1.tlog
C:\Users\cjy\Desktop\merge-master\merge-master\IOAF\Debug\link.2028-rc.read.1.tlog
C:\Users\cjy\Desktop\merge-master\merge-master\IOAF\Debug\link.2028-rc.write.1.tlog
C:\Users\cjy\Desktop\merge-master\merge-master\IOAF\Debug\link.2028.read.1.tlog
C:\Users\cjy\Desktop\merge-master\merge-master\IOAF\Debug\link.2028.write.1.tlog
C:\Users\cjy\Desktop\merge-master\merge-master\IOAF\Debug\link.2160-cvtres.read.1.tlog
C:\Users\cjy\Desktop\merge-master\merge-master\IOAF\Debug\link.2160-cvtres.write.1.tlog
C:\Users\cjy\Desktop\merge-master\merge-master\IOAF\Debug\link.2160-rc.read.1.tlog
C:\Users\cjy\Desktop\merge-master\merge-master\IOAF\Debug\link.2160-rc.write.1.tlog
C:\Users\cjy\Desktop\merge-master\merge-master\IOAF\Debug\link.2160.read.1.tlog
C:\Users\cjy\Desktop\merge-master\merge-master\IOAF\Debug\link.2160.write.1.tlog
C:\Users\cjy\Desktop\merge-master\merge-master\IOAF\Debug\link.2244-cvtres.read.1.tlog
C:\Users\cjy\Desktop\merge-master\merge-master\IOAF\Debug\link.2244-cvtres.write.1.tlog
C:\Users\cjy\Desktop\merge-master\merge-master\IOAF\Debug\link.2244-rc.read.1.tlog
C:\Users\cjy\Desktop\merge-master\merge-master\IOAF\Debug\link.2244-rc.write.1.tlog
C:\Users\cjy\Desktop\merge-master\merge-master\IOAF\Debug\link.2244.read.1.tlog
C:\Users\cjy\Desktop\merge-master\merge-master\IOAF\Debug\link.2244.write.1.tlog
C:\Users\cjy\Desktop\merge-master\merge-master\IOAF\Debug\link.2312-cvtres.read.1.tlog
C:\Users\cjy\Desktop\merge-master\merge-master\IOAF\Debug\link.2312-cvtres.write.1.tlog
C:\Users\cjy\Desktop\merge-master\merge-master\IOAF\Debug\link.2312-rc.read.1.tlog
C:\Users\cjy\Desktop\merge-master\merge-master\IOAF\Debug\link.2312-rc.write.1.tlog
C:\Users\cjy\Desktop\merge-master\merge-master\IOAF\Debug\link.2312.read.1.tlog
C:\Users\cjy\Desktop\merge-master\merge-master\IOAF\Debug\link.2312.write.1.tlog
C:\Users\cjy\Desktop\merge-master\merge-master\IOAF\Debug\link.2428-cvtres.read.1.tlog
C:\Users\cjy\Desktop\merge-master\merge-master\IOAF\Debug\link.2428-cvtres.write.1.tlog
C:\Users\cjy\Desktop\merge-master\merge-master\IOAF\Debug\link.2428-rc.read.1.tlog
C:\Users\cjy\Desktop\merge-master\merge-master\IOAF\Debug\link.2428-rc.write.1.tlog
C:\Users\cjy\Desktop\merge-master\merge-master\IOAF\Debug\link.2428.read.1.tlog
C:\Users\cjy\Desktop\merge-master\merge-master\IOAF\Debug\link.2428.write.1.tlog
C:\Users\cjy\Desktop\merge-master\merge-master\IOAF\Debug\link.256-cvtres.read.1.tlog
C:\Users\cjy\Desktop\merge-master\merge-master\IOAF\Debug\link.256-cvtres.write.1.tlog
C:\Users\cjy\Desktop\merge-master\merge-master\IOAF\Debug\link.256-rc.read.1.tlog
C:\Users\cjy\Desktop\merge-master\merge-master\IOAF\Debug\link.256-rc.write.1.tlog
C:\Users\cjy\Desktop\merge-master\merge-master\IOAF\Debug\link.256.read.1.tlog
C:\Users\cjy\Desktop\merge-master\merge-master\IOAF\Debug\link.256.write.1.tlog
C:\Users\cjy\Desktop\merge-master\merge-master\IOAF\Debug\link.2604-cvtres.read.1.tlog
C:\Users\cjy\Desktop\merge-master\merge-master\IOAF\Debug\link.2604-cvtres.write.1.tlog
C:\Users\cjy\Desktop\merge-master\merge-master\IOAF\Debug\link.2604-rc.read.1.tlog
C:\Users\cjy\Desktop\merge-master\merge-master\IOAF\Debug\link.2604-rc.write.1.tlog
C:\Users\cjy\Desktop\merge-master\merge-master\IOAF\Debug\link.2604.read.1.tlog
C:\Users\cjy\Desktop\merge-master\merge-master\IOAF\Debug\link.2604.write.1.tlog
C:\Users\cjy\Desktop\merge-master\merge-master\IOAF\Debug\link.2668-cvtres.read.1.tlog
C:\Users\cjy\Desktop\merge-master\merge-master\IOAF\Debug\link.2668-cvtres.write.1.tlog
C:\Users\cjy\Desktop\merge-master\merge-master\IOAF\Debug\link.2668-rc.read.1.tlog
C:\Users\cjy\Desktop\merge-master\merge-master\IOAF\Debug\link.2668-rc.write.1.tlog
C:\Users\cjy\Desktop\merge-master\merge-master\IOAF\Debug\link.2668.read.1.tlog
C:\Users\cjy\Desktop\merge-master\merge-master\IOAF\Debug\link.2668.write.1.tlog
C:\Users\cjy\Desktop\merge-master\merge-master\IOAF\Debug\link.2724-cvtres.read.1.tlog
C:\Users\cjy\Desktop\merge-master\merge-master\IOAF\Debug\link.2724-cvtres.write.1.tlog
C:\Users\cjy\Desktop\merge-master\merge-master\IOAF\Debug\link.2724-rc.read.1.tlog
C:\Users\cjy\Desktop\merge-master\merge-master\IOAF\Debug\link.2724-rc.write.1.tlog
C:\Users\cjy\Desktop\merge-master\merge-master\IOAF\Debug\link.2724.read.1.tlog
C:\Users\cjy\Desktop\merge-master\merge-master\IOAF\Debug\link.2724.write.1.tlog
C:\Users\cjy\Desktop\merge-master\merge-master\IOAF\Debug\link.2832-cvtres.read.1.tlog
C:\Users\cjy\Desktop\merge-master\merge-master\IOAF\Debug\link.2832-cvtres.write.1.tlog
C:\Users\cjy\Desktop\merge-master\merge-master\IOAF\Debug\link.2832-rc.read.1.tlog
C:\Users\cjy\Desktop\merge-master\merge-master\IOAF\Debug\link.2832-rc.write.1.tlog
C:\Users\cjy\Desktop\merge-master\merge-master\IOAF\Debug\link.2832.read.1.tlog
C:\Users\cjy\Desktop\merge-master\merge-master\IOAF\Debug\link.2832.write.1.tlog
C:\Users\cjy\Desktop\merge-master\merge-master\IOAF\Debug\link.3248-cvtres.read.1.tlog
C:\Users\cjy\Desktop\merge-master\merge-master\IOAF\Debug\link.3248-cvtres.write.1.tlog
C:\Users\cjy\Desktop\merge-master\merge-master\IOAF\Debug\link.3248-rc.read.1.tlog
C:\Users\cjy\Desktop\merge-master\merge-master\IOAF\Debug\link.3248-rc.write.1.tlog
C:\Users\cjy\Desktop\merge-master\merge-master\IOAF\Debug\link.3248.read.1.tlog
C:\Users\cjy\Desktop\merge-master\merge-master\IOAF\Debug\link.3248.write.1.tlog
C:\Users\cjy\Desktop\merge-master\merge-master\IOAF\Debug\link.3344-cvtres.read.1.tlog
C:\Users\cjy\Desktop\merge-master\merge-master\IOAF\Debug\link.3344-cvtres.write.1.tlog
C:\Users\cjy\Desktop\merge-master\merge-master\IOAF\Debug\link.3344-rc.read.1.tlog
C:\Users\cjy\Desktop\merge-master\merge-master\IOAF\Debug\link.3344-rc.write.1.tlog
C:\Users\cjy\Desktop\merge-master\merge-master\IOAF\Debug\link.3344.read.1.tlog
C:\Users\cjy\Desktop\merge-master\merge-master\IOAF\Debug\link.3344.write.1.tlog
C:\Users\cjy\Desktop\merge-master\merge-master\IOAF\Debug\link.3444-cvtres.read.1.tlog
C:\Users\cjy\Desktop\merge-master\merge-master\IOAF\Debug\link.3444-cvtres.write.1.tlog
C:\Users\cjy\Desktop\merge-master\merge-master\IOAF\Debug\link.3444-rc.read.1.tlog
C:\Users\cjy\Desktop\merge-master\merge-master\IOAF\Debug\link.3444-rc.write.1.tlog
C:\Users\cjy\Desktop\merge-master\merge-master\IOAF\Debug\link.3444.read.1.tlog
C:\Users\cjy\Desktop\merge-master\merge-master\IOAF\Debug\link.3444.write.1.tlog
C:\Users\cjy\Desktop\merge-master\merge-master\IOAF\Debug\link.3532-cvtres.read.1.tlog
C:\Users\cjy\Desktop\merge-master\merge-master\IOAF\Debug\link.3532-cvtres.write.1.tlog
C:\Users\cjy\Desktop\merge-master\merge-master\IOAF\Debug\link.3532-rc.read.1.tlog
C:\Users\cjy\Desktop\merge-master\merge-master\IOAF\Debug\link.3532-rc.write.1.tlog
C:\Users\cjy\Desktop\merge-master\merge-master\IOAF\Debug\link.3532.read.1.tlog
C:\Users\cjy\Desktop\merge-master\merge-master\IOAF\Debug\link.3532.write.1.tlog
C:\Users\cjy\Desktop\merge-master\merge-master\IOAF\Debug\link.3656-cvtres.read.1.tlog
C:\Users\cjy\Desktop\merge-master\merge-master\IOAF\Debug\link.3656-cvtres.write.1.tlog
C:\Users\cjy\Desktop\merge-master\merge-master\IOAF\Debug\link.3656-rc.read.1.tlog
C:\Users\cjy\Desktop\merge-master\merge-master\IOAF\Debug\link.3656-rc.write.1.tlog
C:\Users\cjy\Desktop\merge-master\merge-master\IOAF\Debug\link.3656.read.1.tlog
C:\Users\cjy\Desktop\merge-master\merge-master\IOAF\Debug\link.3656.write.1.tlog
C:\Users\cjy\Desktop\merge-master\merge-master\IOAF\Debug\link.3820-cvtres.read.1.tlog
C:\Users\cjy\Desktop\merge-master\merge-master\IOAF\Debug\link.3820-cvtres.write.1.tlog
C:\Users\cjy\Desktop\merge-master\merge-master\IOAF\Debug\link.3820-rc.read.1.tlog
C:\Users\cjy\Desktop\merge-master\merge-master\IOAF\Debug\link.3820-rc.write.1.tlog
C:\Users\cjy\Desktop\merge-master\merge-master\IOAF\Debug\link.3820.read.1.tlog
C:\Users\cjy\Desktop\merge-master\merge-master\IOAF\Debug\link.3820.write.1.tlog
C:\Users\cjy\Desktop\merge-master\merge-master\IOAF\Debug\link.3892-cvtres.read.1.tlog
C:\Users\cjy\Desktop\merge-master\merge-master\IOAF\Debug\link.3892-cvtres.write.1.tlog
C:\Users\cjy\Desktop\merge-master\merge-master\IOAF\Debug\link.3892-rc.read.1.tlog
C:\Users\cjy\Desktop\merge-master\merge-master\IOAF\Debug\link.3892-rc.write.1.tlog
C:\Users\cjy\Desktop\merge-master\merge-master\IOAF\Debug\link.3892.read.1.tlog
C:\Users\cjy\Desktop\merge-master\merge-master\IOAF\Debug\link.3892.write.1.tlog
C:\Users\cjy\Desktop\merge-master\merge-master\IOAF\Debug\link.4216-cvtres.read.1.tlog
C:\Users\cjy\Desktop\merge-master\merge-master\IOAF\Debug\link.4216-cvtres.write.1.tlog
C:\Users\cjy\Desktop\merge-master\merge-master\IOAF\Debug\link.4216-rc.read.1.tlog
C:\Users\cjy\Desktop\merge-master\merge-master\IOAF\Debug\link.4216-rc.write.1.tlog
C:\Users\cjy\Desktop\merge-master\merge-master\IOAF\Debug\link.4216.read.1.tlog
C:\Users\cjy\Desktop\merge-master\merge-master\IOAF\Debug\link.4216.write.1.tlog
C:\Users\cjy\Desktop\merge-master\merge-master\IOAF\Debug\link.4568-cvtres.read.1.tlog
C:\Users\cjy\Desktop\merge-master\merge-master\IOAF\Debug\link.4568-cvtres.write.1.tlog
C:\Users\cjy\Desktop\merge-master\merge-master\IOAF\Debug\link.4568-rc.read.1.tlog
C:\Users\cjy\Desktop\merge-master\merge-master\IOAF\Debug\link.4568-rc.write.1.tlog
C:\Users\cjy\Desktop\merge-master\merge-master\IOAF\Debug\link.4568.read.1.tlog
C:\Users\cjy\Desktop\merge-master\merge-master\IOAF\Debug\link.4568.write.1.tlog
C:\Users\cjy\Desktop\merge-master\merge-master\IOAF\Debug\link.4720-cvtres.read.1.tlog
C:\Users\cjy\Desktop\merge-master\merge-master\IOAF\Debug\link.4720-cvtres.write.1.tlog
C:\Users\cjy\Desktop\merge-master\merge-master\IOAF\Debug\link.4720-rc.read.1.tlog
C:\Users\cjy\Desktop\merge-master\merge-master\IOAF\Debug\link.4720-rc.write.1.tlog
C:\Users\cjy\Desktop\merge-master\merge-master\IOAF\Debug\link.4720.read.1.tlog
C:\Users\cjy\Desktop\merge-master\merge-master\IOAF\Debug\link.4720.write.1.tlog
C:\Users\cjy\Desktop\merge-master\merge-master\IOAF\Debug\link.4864-cvtres.read.1.tlog
C:\Users\cjy\Desktop\merge-master\merge-master\IOAF\Debug\link.4864-cvtres.write.1.tlog
C:\Users\cjy\Desktop\merge-master\merge-master\IOAF\Debug\link.4864-rc.read.1.tlog
C:\Users\cjy\Desktop\merge-master\merge-master\IOAF\Debug\link.4864-rc.write.1.tlog
C:\Users\cjy\Desktop\merge-master\merge-master\IOAF\Debug\link.4864.read.1.tlog
C:\Users\cjy\Desktop\merge-master\merge-master\IOAF\Debug\link.4864.write.1.tlog
C:\Users\cjy\Desktop\merge-master\merge-master\IOAF\Debug\link.5048-cvtres.read.1.tlog
C:\Users\cjy\Desktop\merge-master\merge-master\IOAF\Debug\link.5048-cvtres.write.1.tlog
C:\Users\cjy\Desktop\merge-master\merge-master\IOAF\Debug\link.5048-rc.read.1.tlog
C:\Users\cjy\Desktop\merge-master\merge-master\IOAF\Debug\link.5048-rc.write.1.tlog
C:\Users\cjy\Desktop\merge-master\merge-master\IOAF\Debug\link.5048.read.1.tlog
C:\Users\cjy\Desktop\merge-master\merge-master\IOAF\Debug\link.5048.write.1.tlog
C:\Users\cjy\Desktop\merge-master\merge-master\IOAF\Debug\link.5472-cvtres.read.1.tlog
C:\Users\cjy\Desktop\merge-master\merge-master\IOAF\Debug\link.5472-cvtres.write.1.tlog
C:\Users\cjy\Desktop\merge-master\merge-master\IOAF\Debug\link.5472-rc.read.1.tlog
C:\Users\cjy\Desktop\merge-master\merge-master\IOAF\Debug\link.5472-rc.write.1.tlog
C:\Users\cjy\Desktop\merge-master\merge-master\IOAF\Debug\link.5472.read.1.tlog
C:\Users\cjy\Desktop\merge-master\merge-master\IOAF\Debug\link.5472.write.1.tlog
C:\Users\cjy\Desktop\merge-master\merge-master\IOAF\Debug\link.5572-cvtres.read.1.tlog
C:\Users\cjy\Desktop\merge-master\merge-master\IOAF\Debug\link.5572-cvtres.write.1.tlog
C:\Users\cjy\Desktop\merge-master\merge-master\IOAF\Debug\link.5572-rc.read.1.tlog
C:\Users\cjy\Desktop\merge-master\merge-master\IOAF\Debug\link.5572-rc.write.1.tlog
C:\Users\cjy\Desktop\merge-master\merge-master\IOAF\Debug\link.5572.read.1.tlog
C:\Users\cjy\Desktop\merge-master\merge-master\IOAF\Debug\link.5572.write.1.tlog
C:\Users\cjy\Desktop\merge-master\merge-master\IOAF\Debug\link.568-cvtres.read.1.tlog
C:\Users\cjy\Desktop\merge-master\merge-master\IOAF\Debug\link.568-cvtres.write.1.tlog
C:\Users\cjy\Desktop\merge-master\merge-master\IOAF\Debug\link.568-rc.read.1.tlog
C:\Users\cjy\Desktop\merge-master\merge-master\IOAF\Debug\link.568-rc.write.1.tlog
C:\Users\cjy\Desktop\merge-master\merge-master\IOAF\Debug\link.568.read.1.tlog
C:\Users\cjy\Desktop\merge-master\merge-master\IOAF\Debug\link.568.write.1.tlog
C:\Users\cjy\Desktop\merge-master\merge-master\IOAF\Debug\link.5744-cvtres.read.1.tlog
C:\Users\cjy\Desktop\merge-master\merge-master\IOAF\Debug\link.5744-cvtres.write.1.tlog
C:\Users\cjy\Desktop\merge-master\merge-master\IOAF\Debug\link.5744-rc.read.1.tlog
C:\Users\cjy\Desktop\merge-master\merge-master\IOAF\Debug\link.5744-rc.write.1.tlog
C:\Users\cjy\Desktop\merge-master\merge-master\IOAF\Debug\link.5744.read.1.tlog
C:\Users\cjy\Desktop\merge-master\merge-master\IOAF\Debug\link.5744.write.1.tlog
C:\Users\cjy\Desktop\merge-master\merge-master\IOAF\Debug\link.5848-cvtres.read.1.tlog
C:\Users\cjy\Desktop\merge-master\merge-master\IOAF\Debug\link.5848-cvtres.write.1.tlog
C:\Users\cjy\Desktop\merge-master\merge-master\IOAF\Debug\link.5848-rc.read.1.tlog
C:\Users\cjy\Desktop\merge-master\merge-master\IOAF\Debug\link.5848-rc.write.1.tlog
C:\Users\cjy\Desktop\merge-master\merge-master\IOAF\Debug\link.5848.read.1.tlog
C:\Users\cjy\Desktop\merge-master\merge-master\IOAF\Debug\link.5848.write.1.tlog
C:\Users\cjy\Desktop\merge-master\merge-master\IOAF\Debug\link.5932-cvtres.read.1.tlog
C:\Users\cjy\Desktop\merge-master\merge-master\IOAF\Debug\link.5932-cvtres.write.1.tlog
C:\Users\cjy\Desktop\merge-master\merge-master\IOAF\Debug\link.5932-rc.read.1.tlog
C:\Users\cjy\Desktop\merge-master\merge-master\IOAF\Debug\link.5932-rc.write.1.tlog
C:\Users\cjy\Desktop\merge-master\merge-master\IOAF\Debug\link.5932.read.1.tlog
C:\Users\cjy\Desktop\merge-master\merge-master\IOAF\Debug\link.5932.write.1.tlog
C:\Users\cjy\Desktop\merge-master\merge-master\IOAF\Debug\link.5952-cvtres.read.1.tlog
C:\Users\cjy\Desktop\merge-master\merge-master\IOAF\Debug\link.5952-cvtres.write.1.tlog
C:\Users\cjy\Desktop\merge-master\merge-master\IOAF\Debug\link.5952-rc.read.1.tlog
C:\Users\cjy\Desktop\merge-master\merge-master\IOAF\Debug\link.5952-rc.write.1.tlog
C:\Users\cjy\Desktop\merge-master\merge-master\IOAF\Debug\link.5952.read.1.tlog
C:\Users\cjy\Desktop\merge-master\merge-master\IOAF\Debug\link.5952.write.1.tlog
C:\Users\cjy\Desktop\merge-master\merge-master\IOAF\Debug\link.6656-cvtres.read.1.tlog
C:\Users\cjy\Desktop\merge-master\merge-master\IOAF\Debug\link.6656-cvtres.write.1.tlog
C:\Users\cjy\Desktop\merge-master\merge-master\IOAF\Debug\link.6656-rc.read.1.tlog
C:\Users\cjy\Desktop\merge-master\merge-master\IOAF\Debug\link.6656-rc.write.1.tlog
C:\Users\cjy\Desktop\merge-master\merge-master\IOAF\Debug\link.6656.read.1.tlog
C:\Users\cjy\Desktop\merge-master\merge-master\IOAF\Debug\link.6656.write.1.tlog
C:\Users\cjy\Desktop\merge-master\merge-master\IOAF\Debug\link.6812-cvtres.read.1.tlog
C:\Users\cjy\Desktop\merge-master\merge-master\IOAF\Debug\link.6812-cvtres.write.1.tlog
C:\Users\cjy\Desktop\merge-master\merge-master\IOAF\Debug\link.6812-rc.read.1.tlog
C:\Users\cjy\Desktop\merge-master\merge-master\IOAF\Debug\link.6812-rc.write.1.tlog
C:\Users\cjy\Desktop\merge-master\merge-master\IOAF\Debug\link.6812.read.1.tlog
C:\Users\cjy\Desktop\merge-master\merge-master\IOAF\Debug\link.6812.write.1.tlog
C:\Users\cjy\Desktop\merge-master\merge-master\IOAF\Debug\link.6844-cvtres.read.1.tlog
C:\Users\cjy\Desktop\merge-master\merge-master\IOAF\Debug\link.6844-cvtres.write.1.tlog
C:\Users\cjy\Desktop\merge-master\merge-master\IOAF\Debug\link.6844-rc.read.1.tlog
C:\Users\cjy\Desktop\merge-master\merge-master\IOAF\Debug\link.6844-rc.write.1.tlog
C:\Users\cjy\Desktop\merge-master\merge-master\IOAF\Debug\link.6844.read.1.tlog
C:\Users\cjy\Desktop\merge-master\merge-master\IOAF\Debug\link.6844.write.1.tlog
C:\Users\cjy\Desktop\merge-master\merge-master\IOAF\Debug\link.6860-cvtres.read.1.tlog
C:\Users\cjy\Desktop\merge-master\merge-master\IOAF\Debug\link.6860-cvtres.write.1.tlog
C:\Users\cjy\Desktop\merge-master\merge-master\IOAF\Debug\link.6860-rc.read.1.tlog
C:\Users\cjy\Desktop\merge-master\merge-master\IOAF\Debug\link.6860-rc.write.1.tlog
C:\Users\cjy\Desktop\merge-master\merge-master\IOAF\Debug\link.6860.read.1.tlog
C:\Users\cjy\Desktop\merge-master\merge-master\IOAF\Debug\link.6860.write.1.tlog
C:\Users\cjy\Desktop\merge-master\merge-master\IOAF\Debug\link.6928-cvtres.read.1.tlog
C:\Users\cjy\Desktop\merge-master\merge-master\IOAF\Debug\link.6928-cvtres.write.1.tlog
C:\Users\cjy\Desktop\merge-master\merge-master\IOAF\Debug\link.6928-rc.read.1.tlog
C:\Users\cjy\Desktop\merge-master\merge-master\IOAF\Debug\link.6928-rc.write.1.tlog
C:\Users\cjy\Desktop\merge-master\merge-master\IOAF\Debug\link.6928.read.1.tlog
C:\Users\cjy\Desktop\merge-master\merge-master\IOAF\Debug\link.6928.write.1.tlog
C:\Users\cjy\Desktop\merge-master\merge-master\IOAF\Debug\link.7152-cvtres.read.1.tlog
C:\Users\cjy\Desktop\merge-master\merge-master\IOAF\Debug\link.7152-cvtres.write.1.tlog
C:\Users\cjy\Desktop\merge-master\merge-master\IOAF\Debug\link.7152-rc.read.1.tlog
C:\Users\cjy\Desktop\merge-master\merge-master\IOAF\Debug\link.7152-rc.write.1.tlog
C:\Users\cjy\Desktop\merge-master\merge-master\IOAF\Debug\link.7152.read.1.tlog
C:\Users\cjy\Desktop\merge-master\merge-master\IOAF\Debug\link.7152.write.1.tlog
C:\Users\cjy\Desktop\merge-master\merge-master\IOAF\Debug\link.7292-cvtres.read.1.tlog
C:\Users\cjy\Desktop\merge-master\merge-master\IOAF\Debug\link.7292-cvtres.write.1.tlog
C:\Users\cjy\Desktop\merge-master\merge-master\IOAF\Debug\link.7292-rc.read.1.tlog
C:\Users\cjy\Desktop\merge-master\merge-master\IOAF\Debug\link.7292-rc.write.1.tlog
C:\Users\cjy\Desktop\merge-master\merge-master\IOAF\Debug\link.7292.read.1.tlog
C:\Users\cjy\Desktop\merge-master\merge-master\IOAF\Debug\link.7292.write.1.tlog
C:\Users\cjy\Desktop\merge-master\merge-master\IOAF\Debug\link.740-cvtres.read.1.tlog
C:\Users\cjy\Desktop\merge-master\merge-master\IOAF\Debug\link.740-cvtres.write.1.tlog
C:\Users\cjy\Desktop\merge-master\merge-master\IOAF\Debug\link.740-rc.read.1.tlog
C:\Users\cjy\Desktop\merge-master\merge-master\IOAF\Debug\link.740-rc.write.1.tlog
C:\Users\cjy\Desktop\merge-master\merge-master\IOAF\Debug\link.740.read.1.tlog
C:\Users\cjy\Desktop\merge-master\merge-master\IOAF\Debug\link.740.write.1.tlog
C:\Users\cjy\Desktop\merge-master\merge-master\IOAF\Debug\link.7556-cvtres.read.1.tlog
C:\Users\cjy\Desktop\merge-master\merge-master\IOAF\Debug\link.7556-cvtres.write.1.tlog
C:\Users\cjy\Desktop\merge-master\merge-master\IOAF\Debug\link.7556-rc.read.1.tlog
C:\Users\cjy\Desktop\merge-master\merge-master\IOAF\Debug\link.7556-rc.write.1.tlog
C:\Users\cjy\Desktop\merge-master\merge-master\IOAF\Debug\link.7556.read.1.tlog
C:\Users\cjy\Desktop\merge-master\merge-master\IOAF\Debug\link.7556.write.1.tlog
C:\Users\cjy\Desktop\merge-master\merge-master\IOAF\Debug\link.7712-cvtres.read.1.tlog
C:\Users\cjy\Desktop\merge-master\merge-master\IOAF\Debug\link.7712-cvtres.write.1.tlog
C:\Users\cjy\Desktop\merge-master\merge-master\IOAF\Debug\link.7712-rc.read.1.tlog
C:\Users\cjy\Desktop\merge-master\merge-master\IOAF\Debug\link.7712-rc.write.1.tlog
C:\Users\cjy\Desktop\merge-master\merge-master\IOAF\Debug\link.7712.read.1.tlog
C:\Users\cjy\Desktop\merge-master\merge-master\IOAF\Debug\link.7712.write.1.tlog
C:\Users\cjy\Desktop\merge-master\merge-master\IOAF\Debug\link.7752-cvtres.read.1.tlog
C:\Users\cjy\Desktop\merge-master\merge-master\IOAF\Debug\link.7752-cvtres.write.1.tlog
C:\Users\cjy\Desktop\merge-master\merge-master\IOAF\Debug\link.7752-rc.read.1.tlog
C:\Users\cjy\Desktop\merge-master\merge-master\IOAF\Debug\link.7752-rc.write.1.tlog
C:\Users\cjy\Desktop\merge-master\merge-master\IOAF\Debug\link.7752.read.1.tlog
C:\Users\cjy\Desktop\merge-master\merge-master\IOAF\Debug\link.7752.write.1.tlog
C:\Users\cjy\Desktop\merge-master\merge-master\IOAF\Debug\link.7808-cvtres.read.1.tlog
C:\Users\cjy\Desktop\merge-master\merge-master\IOAF\Debug\link.7808-cvtres.write.1.tlog
C:\Users\cjy\Desktop\merge-master\merge-master\IOAF\Debug\link.7808-rc.read.1.tlog
C:\Users\cjy\Desktop\merge-master\merge-master\IOAF\Debug\link.7808-rc.write.1.tlog
C:\Users\cjy\Desktop\merge-master\merge-master\IOAF\Debug\link.7808.read.1.tlog
C:\Users\cjy\Desktop\merge-master\merge-master\IOAF\Debug\link.7808.write.1.tlog
C:\Users\cjy\Desktop\merge-master\merge-master\IOAF\Debug\link.7876-cvtres.read.1.tlog
C:\Users\cjy\Desktop\merge-master\merge-master\IOAF\Debug\link.7876-cvtres.write.1.tlog
C:\Users\cjy\Desktop\merge-master\merge-master\IOAF\Debug\link.7876-rc.read.1.tlog
C:\Users\cjy\Desktop\merge-master\merge-master\IOAF\Debug\link.7876-rc.write.1.tlog
C:\Users\cjy\Desktop\merge-master\merge-master\IOAF\Debug\link.7876.read.1.tlog
C:\Users\cjy\Desktop\merge-master\merge-master\IOAF\Debug\link.7876.write.1.tlog
C:\Users\cjy\Desktop\merge-master\merge-master\IOAF\Debug\link.7912-cvtres.read.1.tlog
C:\Users\cjy\Desktop\merge-master\merge-master\IOAF\Debug\link.7912-cvtres.write.1.tlog
C:\Users\cjy\Desktop\merge-master\merge-master\IOAF\Debug\link.7912-rc.read.1.tlog
C:\Users\cjy\Desktop\merge-master\merge-master\IOAF\Debug\link.7912-rc.write.1.tlog
C:\Users\cjy\Desktop\merge-master\merge-master\IOAF\Debug\link.7912.read.1.tlog
C:\Users\cjy\Desktop\merge-master\merge-master\IOAF\Debug\link.7912.write.1.tlog
C:\Users\cjy\Desktop\merge-master\merge-master\IOAF\Debug\link.8076-cvtres.read.1.tlog
C:\Users\cjy\Desktop\merge-master\merge-master\IOAF\Debug\link.8076-cvtres.write.1.tlog
C:\Users\cjy\Desktop\merge-master\merge-master\IOAF\Debug\link.8076-rc.read.1.tlog
C:\Users\cjy\Desktop\merge-master\merge-master\IOAF\Debug\link.8076-rc.write.1.tlog
C:\Users\cjy\Desktop\merge-master\merge-master\IOAF\Debug\link.8076.read.1.tlog
C:\Users\cjy\Desktop\merge-master\merge-master\IOAF\Debug\link.8076.write.1.tlog
C:\Users\cjy\Desktop\merge-master\merge-master\IOAF\Debug\link.8368-cvtres.read.1.tlog
C:\Users\cjy\Desktop\merge-master\merge-master\IOAF\Debug\link.8368-cvtres.write.1.tlog
C:\Users\cjy\Desktop\merge-master\merge-master\IOAF\Debug\link.8368-rc.read.1.tlog
C:\Users\cjy\Desktop\merge-master\merge-master\IOAF\Debug\link.8368-rc.write.1.tlog
C:\Users\cjy\Desktop\merge-master\merge-master\IOAF\Debug\link.8368.read.1.tlog
C:\Users\cjy\Desktop\merge-master\merge-master\IOAF\Debug\link.8368.write.1.tlog
C:\Users\cjy\Desktop\merge-master\merge-master\IOAF\Debug\link.8464-cvtres.read.1.tlog
C:\Users\cjy\Desktop\merge-master\merge-master\IOAF\Debug\link.8464-cvtres.write.1.tlog
C:\Users\cjy\Desktop\merge-master\merge-master\IOAF\Debug\link.8464-rc.read.1.tlog
C:\Users\cjy\Desktop\merge-master\merge-master\IOAF\Debug\link.8464-rc.write.1.tlog
C:\Users\cjy\Desktop\merge-master\merge-master\IOAF\Debug\link.8464.read.1.tlog
C:\Users\cjy\Desktop\merge-master\merge-master\IOAF\Debug\link.8464.write.1.tlog
C:\Users\cjy\Desktop\merge-master\merge-master\IOAF\Debug\link.8488-cvtres.read.1.tlog
C:\Users\cjy\Desktop\merge-master\merge-master\IOAF\Debug\link.8488-cvtres.write.1.tlog
C:\Users\cjy\Desktop\merge-master\merge-master\IOAF\Debug\link.8488-rc.read.1.tlog
C:\Users\cjy\Desktop\merge-master\merge-master\IOAF\Debug\link.8488-rc.write.1.tlog
C:\Users\cjy\Desktop\merge-master\merge-master\IOAF\Debug\link.8488.read.1.tlog
C:\Users\cjy\Desktop\merge-master\merge-master\IOAF\Debug\link.8488.write.1.tlog
C:\Users\cjy\Desktop\merge-master\merge-master\IOAF\Debug\link.8556-cvtres.read.1.tlog
C:\Users\cjy\Desktop\merge-master\merge-master\IOAF\Debug\link.8556-cvtres.write.1.tlog
C:\Users\cjy\Desktop\merge-master\merge-master\IOAF\Debug\link.8556-rc.read.1.tlog
C:\Users\cjy\Desktop\merge-master\merge-master\IOAF\Debug\link.8556-rc.write.1.tlog
C:\Users\cjy\Desktop\merge-master\merge-master\IOAF\Debug\link.8556.read.1.tlog
C:\Users\cjy\Desktop\merge-master\merge-master\IOAF\Debug\link.8556.write.1.tlog
C:\Users\cjy\Desktop\merge-master\merge-master\IOAF\Debug\link.880-cvtres.read.1.tlog
C:\Users\cjy\Desktop\merge-master\merge-master\IOAF\Debug\link.880-cvtres.write.1.tlog
C:\Users\cjy\Desktop\merge-master\merge-master\IOAF\Debug\link.880-rc.read.1.tlog
C:\Users\cjy\Desktop\merge-master\merge-master\IOAF\Debug\link.880-rc.write.1.tlog
C:\Users\cjy\Desktop\merge-master\merge-master\IOAF\Debug\link.880.read.1.tlog
C:\Users\cjy\Desktop\merge-master\merge-master\IOAF\Debug\link.880.write.1.tlog
C:\Users\cjy\Desktop\merge-master\merge-master\IOAF\Debug\link.8892-cvtres.read.1.tlog
C:\Users\cjy\Desktop\merge-master\merge-master\IOAF\Debug\link.8892-cvtres.write.1.tlog
C:\Users\cjy\Desktop\merge-master\merge-master\IOAF\Debug\link.8892-rc.read.1.tlog
C:\Users\cjy\Desktop\merge-master\merge-master\IOAF\Debug\link.8892-rc.write.1.tlog
C:\Users\cjy\Desktop\merge-master\merge-master\IOAF\Debug\link.8892.read.1.tlog
C:\Users\cjy\Desktop\merge-master\merge-master\IOAF\Debug\link.8892.write.1.tlog
C:\Users\cjy\Desktop\merge-master\merge-master\IOAF\Debug\link.8980-cvtres.read.1.tlog
C:\Users\cjy\Desktop\merge-master\merge-master\IOAF\Debug\link.8980-cvtres.write.1.tlog
C:\Users\cjy\Desktop\merge-master\merge-master\IOAF\Debug\link.8980-rc.read.1.tlog
C:\Users\cjy\Desktop\merge-master\merge-master\IOAF\Debug\link.8980-rc.write.1.tlog
C:\Users\cjy\Desktop\merge-master\merge-master\IOAF\Debug\link.8980.read.1.tlog
C:\Users\cjy\Desktop\merge-master\merge-master\IOAF\Debug\link.8980.write.1.tlog
C:\Users\cjy\Desktop\merge-master\merge-master\IOAF\Debug\link.8984-cvtres.read.1.tlog
C:\Users\cjy\Desktop\merge-master\merge-master\IOAF\Debug\link.8984-cvtres.write.1.tlog
C:\Users\cjy\Desktop\merge-master\merge-master\IOAF\Debug\link.8984-rc.read.1.tlog
C:\Users\cjy\Desktop\merge-master\merge-master\IOAF\Debug\link.8984-rc.write.1.tlog
C:\Users\cjy\Desktop\merge-master\merge-master\IOAF\Debug\link.8984.read.1.tlog
C:\Users\cjy\Desktop\merge-master\merge-master\IOAF\Debug\link.8984.write.1.tlog
C:\Users\cjy\Desktop\merge-master\merge-master\IOAF\Debug\link.8996-cvtres.read.1.tlog
C:\Users\cjy\Desktop\merge-master\merge-master\IOAF\Debug\link.8996-cvtres.write.1.tlog
C:\Users\cjy\Desktop\merge-master\merge-master\IOAF\Debug\link.8996-rc.read.1.tlog
C:\Users\cjy\Desktop\merge-master\merge-master\IOAF\Debug\link.8996-rc.write.1.tlog
C:\Users\cjy\Desktop\merge-master\merge-master\IOAF\Debug\link.8996.read.1.tlog
C:\Users\cjy\Desktop\merge-master\merge-master\IOAF\Debug\link.8996.write.1.tlog
C:\Users\cjy\Desktop\merge-master\merge-master\IOAF\Debug\link.9080-cvtres.read.1.tlog
C:\Users\cjy\Desktop\merge-master\merge-master\IOAF\Debug\link.9080-cvtres.write.1.tlog
C:\Users\cjy\Desktop\merge-master\merge-master\IOAF\Debug\link.9080-rc.read.1.tlog
C:\Users\cjy\Desktop\merge-master\merge-master\IOAF\Debug\link.9080-rc.write.1.tlog
C:\Users\cjy\Desktop\merge-master\merge-master\IOAF\Debug\link.9080.read.1.tlog
C:\Users\cjy\Desktop\merge-master\merge-master\IOAF\Debug\link.9080.write.1.tlog
C:\Users\cjy\Desktop\merge-master\merge-master\IOAF\Debug\link.9100-cvtres.read.1.tlog
C:\Users\cjy\Desktop\merge-master\merge-master\IOAF\Debug\link.9100-cvtres.write.1.tlog
C:\Users\cjy\Desktop\merge-master\merge-master\IOAF\Debug\link.9100-rc.read.1.tlog
C:\Users\cjy\Desktop\merge-master\merge-master\IOAF\Debug\link.9100-rc.write.1.tlog
C:\Users\cjy\Desktop\merge-master\merge-master\IOAF\Debug\link.9100.read.1.tlog
C:\Users\cjy\Desktop\merge-master\merge-master\IOAF\Debug\link.9100.write.1.tlog
C:\Users\cjy\Desktop\merge-master\merge-master\IOAF\Debug\link.972-cvtres.read.1.tlog
C:\Users\cjy\Desktop\merge-master\merge-master\IOAF\Debug\link.972-cvtres.write.1.tlog
C:\Users\cjy\Desktop\merge-master\merge-master\IOAF\Debug\link.972-rc.read.1.tlog
C:\Users\cjy\Desktop\merge-master\merge-master\IOAF\Debug\link.972-rc.write.1.tlog
C:\Users\cjy\Desktop\merge-master\merge-master\IOAF\Debug\link.972.read.1.tlog
C:\Users\cjy\Desktop\merge-master\merge-master\IOAF\Debug\link.972.write.1.tlog
C:\Users\cjy\Desktop\merge-master\merge-master\IOAF\Debug\link.command.1.tlog
C:\Users\cjy\Desktop\merge-master\merge-master\IOAF\Debug\link.read.1.tlog
C:\Users\cjy\Desktop\merge-master\merge-master\IOAF\Debug\link.write.1.tlog
C:\Users\cjy\Desktop\merge-master\merge-master\IOAF\Debug\vc110.idb
C:\Users\cjy\Desktop\merge-master\merge-master\IOAF\Debug\vc110.pdb
C:\Users\cjy\Desktop\merge-master\merge-master\Debug\IOAF.pdb
C:\Users\cjy\Desktop\merge-master\merge-master\Debug\IOAF.exe
C:\Users\cjy\Desktop\merge-master\merge-master\Debug\IOAF.ilk
