빌드 시작: 2014-02-21 오전 2:21:52
2 노드의 "C:\Users\eunjin\Documents\merge4\IOAF\IOAF.vcxproj" 프로젝트(Build 대상)입니다.
ClCompile:
  C:\Program Files\Microsoft Visual Studio 11.0\VC\bin\CL.exe /c /IC:\Users\cjy\Desktop\MFTParser\sqlite\Debug /IC:\Users\cjy\Desktop\MFTParser\NTFSLib /IC:\Users\cjy\Desktop\MFTParser\include\include /I"C:\Users\eunjin\Desktop\MFT_2-master\MFT_2-master\NTFSLib" /IC:\Users\eunjin\Desktop\IOAF2\sqlite /IC:\Users\eunjin\Desktop\IOAF2\include /ZI /nologo /W3 /WX- /Od /Oy- /D WIN32 /D _DEBUG /D _CONSOLE /D _UNICODE /D UNICODE /Gm /EHsc /RTC1 /MDd /GS /fp:precise /Zc:wchar_t /Zc:forScope /Fo"Debug\\" /Fd"Debug\vc110.pdb" /Gd /TP /analyze- /errorReport:prompt main.cpp
  main.cpp
c:\users\eunjin\documents\merge4\ioaf\main.cpp(118): warning C4996: 'mkdir': The POSIX name for this item is deprecated. Instead, use the ISO C++ conformant name: _mkdir. See online help for details.
          c:\program files\microsoft visual studio 11.0\vc\include\direct.h(140) : 'mkdir' 선언을 참조하십시오.
c:\users\eunjin\documents\merge4\ioaf\main.cpp(150): warning C4101: 'tmp' :참조되지 않은 지역 변수입니다.
c:\users\eunjin\documents\merge4\ioaf\main.cpp(297): warning C4101: 'cp' :참조되지 않은 지역 변수입니다.
c:\users\eunjin\documents\merge4\ioaf\main.cpp(295): warning C4101: 'argv' :참조되지 않은 지역 변수입니다.
c:\users\eunjin\documents\merge4\ioaf\main.cpp(288): warning C4101: 'ch' :참조되지 않은 지역 변수입니다.
Link:
  C:\Program Files\Microsoft Visual Studio 11.0\VC\bin\link.exe /ERRORREPORT:PROMPT /OUT:"C:\Users\eunjin\Documents\merge4\Debug\IOAF.exe" /INCREMENTAL /NOLOGO /LIBPATH:"C:\Users\cjy\Desktop\MFTParser\sleuthkit-master\sleuthkit-master\win32\Debug" /LIBPATH:C:\Users\cjy\Desktop\MFTParser\sqlite\Debug /LIBPATH:C:\Users\eunjin\Desktop\IOAF2\sqlite /LIBPATH:"C:\Users\eunjin\Desktop\IOAF2\sleuthkit-master\win32\Debug" sqlite3.lib zdll.lib libewf.lib libtsk.lib kernel32.lib user32.lib gdi32.lib winspool.lib comdlg32.lib advapi32.lib shell32.lib ole32.lib oleaut32.lib uuid.lib odbc32.lib odbccp32.lib /MANIFEST /MANIFESTUAC:"level='asInvoker' uiAccess='false'" /manifest:embed /DEBUG /PDB:"C:\Users\eunjin\Documents\merge4\Debug\IOAF.pdb" /SUBSYSTEM:CONSOLE /TLBID:1 /DYNAMICBASE /NXCOMPAT /IMPLIB:"C:\Users\eunjin\Documents\merge4\Debug\IOAF.lib" /MACHINE:X86 Debug\exreg.obj
  Debug\iehist.obj
  Debug\match.obj
  Debug\mft_live.obj
  Debug\module.obj
  Debug\main.obj
  Debug\mft_image.obj
  Debug\mft_image2db.obj
  Debug\parser.obj
  Debug\queue.obj
  Debug\registry.obj
  Debug\sql.obj
  Debug\utc.obj
  IOAF.vcxproj -> C:\Users\eunjin\Documents\merge4\Debug\IOAF.exe
"C:\Users\eunjin\Documents\merge4\IOAF\IOAF.vcxproj" 프로젝트를 빌드했습니다(Build 대상).

빌드했습니다.

경과 시간: 00:00:05.14
